 10 Cloverfield Lane
 Alien: Covenant
 Annihilation
 Arrival
 Carrie
 Chronicle
 Cloverfield
 Don't Let Me Drown
 Extinction
 Forrest Gump
 Inglourious Basterds
 Interstellar
 Life of Pi
 Life
 Lucy
 Mad Max: Fury Road
 Moon
 Parallels
 Passengers
 Project Almanac
 Prometheus
 Schindler's List
 Slumdog Millionaire
 Snowpiercer
 The Boy in the Striped Pyjamas
 The Butterfly Effect
 The Kite Runner
 The Lovely Bones
 Time Lapse
 What Will People Say
 Yelling To The Sky
 Brooklyn
 Venom
 The Predator
 The Nun
